2025-08-11 13:39:36,531 [INFO] [INGEST] Starting ingestion stage
2025-08-11 13:39:36,557 [INFO] [INGEST] Read 10000 rows from data/mock_transactions.csv
2025-08-11 13:40:47,137 [INFO] [INGEST] Starting ingestion stage
2025-08-11 13:40:47,168 [INFO] [INGEST] Read 10000 rows from data/mock_transactions.csv
2025-08-11 13:40:47,392 [INFO] [INGEST] Truncated table stg_transactions
2025-08-11 13:40:48,308 [INFO] [INGEST] Inserted 10000 rows into stg_transactions
2025-08-11 13:40:48,308 [INFO] [INGEST] Completed ingestion stage in 1.17 seconds
2025-08-11 13:40:48,516 [INFO] [TRANSFORM-BANK] Starting bank transformation stage
2025-08-11 13:40:48,516 [INFO] [TRANSFORM-BANK] Dropped 0 rows due to nulls in key fields
2025-08-11 13:40:48,532 [INFO] [TRANSFORM-BANK] Removed 0 rows with negative amounts
2025-08-11 13:40:48,549 [INFO] [TRANSFORM-BANK] Completed bank transformation in 0.03 seconds
2025-08-11 13:40:48,549 [INFO] [TRANSFORM-CUSTOMER] Starting customer transformation stage
2025-08-11 13:40:48,561 [INFO] [TRANSFORM-CUSTOMER] Dropped 0 rows due to nulls in key fields
2025-08-11 13:40:48,561 [INFO] [TRANSFORM-CUSTOMER] Removed 0 rows with negative amounts
2025-08-11 13:40:48,569 [INFO] [TRANSFORM-CUSTOMER] Completed customer transformation in 0.02 seconds
2025-08-11 13:40:48,569 [INFO] [LOAD-BANK] Starting load stage
2025-08-11 13:40:48,576 [INFO] [LOAD-BANK] Deleted existing rows in ana_bank_daily_summary for dates: 2025-05-08', '2025-05-09', '2025-05-10', '2025-05-11', '2025-05-12', '2025-05-13', '2025-05-14', '2025-05-15', '2025-05-16', '2025-05-17', '2025-05-18', '2025-05-19', '2025-05-20', '2025-05-21', '2025-05-22', '2025-05-23', '2025-05-24', '2025-05-25', '2025-05-26', '2025-05-27', '2025-05-28', '2025-05-29', '2025-05-30', '2025-05-31', '2025-06-01', '2025-06-02', '2025-06-03', '2025-06-04', '2025-06-05', '2025-06-06', '2025-06-07', '2025-06-08', '2025-06-09', '2025-06-10', '2025-06-11', '2025-06-12', '2025-06-13', '2025-06-14', '2025-06-15', '2025-06-16', '2025-06-17', '2025-06-18', '2025-06-19', '2025-06-20', '2025-06-21', '2025-06-22', '2025-06-23', '2025-06-24', '2025-06-25', '2025-06-26', '2025-06-27', '2025-06-28', '2025-06-29', '2025-06-30', '2025-07-01', '2025-07-02', '2025-07-03', '2025-07-04', '2025-07-05', '2025-07-06', '2025-07-07', '2025-07-08', '2025-07-09', '2025-07-10', '2025-07-11', '2025-07-12', '2025-07-13', '2025-07-14', '2025-07-15', '2025-07-16', '2025-07-17', '2025-07-18', '2025-07-19', '2025-07-20', '2025-07-21', '2025-07-22', '2025-07-23', '2025-07-24', '2025-07-25', '2025-07-26', '2025-07-27', '2025-07-28', '2025-07-29', '2025-07-30', '2025-07-31', '2025-08-01', '2025-08-02', '2025-08-03', '2025-08-04', '2025-08-05', '2025-08-06', '2025-08-07
2025-08-11 13:40:48,662 [INFO] [LOAD-BANK] Inserted 828 rows into ana_bank_daily_summary
2025-08-11 13:40:48,662 [INFO] [LOAD-BANK] Completed load stage in 0.09 seconds
2025-08-11 13:40:48,662 [INFO] [LOAD-CUSTOMER] Starting load stage
2025-08-11 13:40:48,728 [INFO] [LOAD-CUSTOMER] Deleted existing rows in ana_customer_daily_summary for dates: 2025-05-08', '2025-05-09', '2025-05-10', '2025-05-11', '2025-05-12', '2025-05-14', '2025-05-15', '2025-05-16', '2025-05-17', '2025-05-18', '2025-05-19', '2025-05-20', '2025-05-21', '2025-05-23', '2025-05-24', '2025-05-25', '2025-05-26', '2025-05-27', '2025-05-28', '2025-05-30', '2025-06-01', '2025-06-02', '2025-06-03', '2025-06-04', '2025-06-05', '2025-06-06', '2025-06-07', '2025-06-08', '2025-06-09', '2025-06-10', '2025-06-11', '2025-06-12', '2025-06-13', '2025-06-14', '2025-06-15', '2025-06-18', '2025-06-19', '2025-06-20', '2025-06-21', '2025-06-22', '2025-06-23', '2025-06-24', '2025-06-25', '2025-06-26', '2025-06-27', '2025-06-28', '2025-06-29', '2025-06-30', '2025-07-01', '2025-07-02', '2025-07-03', '2025-07-04', '2025-07-05', '2025-07-06', '2025-07-07', '2025-07-09', '2025-07-10', '2025-07-11', '2025-07-12', '2025-07-14', '2025-07-15', '2025-07-16', '2025-07-17', '2025-07-18', '2025-07-19', '2025-07-22', '2025-07-23', '2025-07-24', '2025-07-25', '2025-07-26', '2025-07-27', '2025-07-28', '2025-07-29', '2025-07-30', '2025-07-31', '2025-08-01', '2025-08-02', '2025-08-03', '2025-08-04', '2025-08-05', '2025-08-07', '2025-05-13', '2025-05-29', '2025-05-31', '2025-06-16', '2025-06-17', '2025-07-08', '2025-07-13', '2025-07-20', '2025-07-21', '2025-08-06', '2025-05-22
2025-08-11 13:40:48,944 [INFO] [LOAD-CUSTOMER] Inserted 4023 rows into ana_customer_daily_summary
2025-08-11 13:40:48,944 [INFO] [LOAD-CUSTOMER] Completed load stage in 0.28 seconds
2025-08-11 13:40:48,944 [INFO] ETL pipeline completed in 1.87 seconds
2025-08-11 13:41:49,616 [INFO] [INGEST] Starting ingestion stage
2025-08-11 13:41:49,629 [INFO] [INGEST] Read 10000 rows from data/mock_transactions.csv
2025-08-11 13:41:49,743 [INFO] [INGEST] Truncated table stg_transactions
2025-08-11 13:41:50,658 [INFO] [INGEST] Inserted 10000 rows into stg_transactions
2025-08-11 13:41:50,658 [INFO] [INGEST] Completed ingestion stage in 1.04 seconds
2025-08-11 13:41:50,856 [INFO] [TRANSFORM-BANK] Starting bank transformation stage
2025-08-11 13:41:50,860 [INFO] [TRANSFORM-BANK] Dropped 0 rows due to nulls in key fields
2025-08-11 13:41:50,862 [INFO] [TRANSFORM-BANK] Removed 0 rows with negative amounts
2025-08-11 13:41:50,867 [INFO] [TRANSFORM-BANK] Completed bank transformation in 0.01 seconds
2025-08-11 13:41:50,867 [INFO] [TRANSFORM-CUSTOMER] Starting customer transformation stage
2025-08-11 13:41:50,876 [INFO] [TRANSFORM-CUSTOMER] Dropped 0 rows due to nulls in key fields
2025-08-11 13:41:50,877 [INFO] [TRANSFORM-CUSTOMER] Removed 0 rows with negative amounts
2025-08-11 13:41:50,888 [INFO] [TRANSFORM-CUSTOMER] Completed customer transformation in 0.02 seconds
2025-08-11 13:41:50,888 [INFO] [LOAD-BANK] Starting load stage
2025-08-11 13:41:50,926 [INFO] [LOAD-BANK] Deleted existing rows in ana_bank_daily_summary for dates: 2025-05-08', '2025-05-09', '2025-05-10', '2025-05-11', '2025-05-12', '2025-05-13', '2025-05-14', '2025-05-15', '2025-05-16', '2025-05-17', '2025-05-18', '2025-05-19', '2025-05-20', '2025-05-21', '2025-05-22', '2025-05-23', '2025-05-24', '2025-05-25', '2025-05-26', '2025-05-27', '2025-05-28', '2025-05-29', '2025-05-30', '2025-05-31', '2025-06-01', '2025-06-02', '2025-06-03', '2025-06-04', '2025-06-05', '2025-06-06', '2025-06-07', '2025-06-08', '2025-06-09', '2025-06-10', '2025-06-11', '2025-06-12', '2025-06-13', '2025-06-14', '2025-06-15', '2025-06-16', '2025-06-17', '2025-06-18', '2025-06-19', '2025-06-20', '2025-06-21', '2025-06-22', '2025-06-23', '2025-06-24', '2025-06-25', '2025-06-26', '2025-06-27', '2025-06-28', '2025-06-29', '2025-06-30', '2025-07-01', '2025-07-02', '2025-07-03', '2025-07-04', '2025-07-05', '2025-07-06', '2025-07-07', '2025-07-08', '2025-07-09', '2025-07-10', '2025-07-11', '2025-07-12', '2025-07-13', '2025-07-14', '2025-07-15', '2025-07-16', '2025-07-17', '2025-07-18', '2025-07-19', '2025-07-20', '2025-07-21', '2025-07-22', '2025-07-23', '2025-07-24', '2025-07-25', '2025-07-26', '2025-07-27', '2025-07-28', '2025-07-29', '2025-07-30', '2025-07-31', '2025-08-01', '2025-08-02', '2025-08-03', '2025-08-04', '2025-08-05', '2025-08-06', '2025-08-07
2025-08-11 13:41:50,968 [INFO] [LOAD-BANK] Inserted 828 rows into ana_bank_daily_summary
2025-08-11 13:41:50,969 [INFO] [LOAD-BANK] Completed load stage in 0.08 seconds
2025-08-11 13:41:50,969 [INFO] [LOAD-CUSTOMER] Starting load stage
2025-08-11 13:41:51,110 [INFO] [LOAD-CUSTOMER] Deleted existing rows in ana_customer_daily_summary for dates: 2025-05-08', '2025-05-09', '2025-05-10', '2025-05-11', '2025-05-12', '2025-05-14', '2025-05-15', '2025-05-16', '2025-05-17', '2025-05-18', '2025-05-19', '2025-05-20', '2025-05-21', '2025-05-23', '2025-05-24', '2025-05-25', '2025-05-26', '2025-05-27', '2025-05-28', '2025-05-30', '2025-06-01', '2025-06-02', '2025-06-03', '2025-06-04', '2025-06-05', '2025-06-06', '2025-06-07', '2025-06-08', '2025-06-09', '2025-06-10', '2025-06-11', '2025-06-12', '2025-06-13', '2025-06-14', '2025-06-15', '2025-06-18', '2025-06-19', '2025-06-20', '2025-06-21', '2025-06-22', '2025-06-23', '2025-06-24', '2025-06-25', '2025-06-26', '2025-06-27', '2025-06-28', '2025-06-29', '2025-06-30', '2025-07-01', '2025-07-02', '2025-07-03', '2025-07-04', '2025-07-05', '2025-07-06', '2025-07-07', '2025-07-09', '2025-07-10', '2025-07-11', '2025-07-12', '2025-07-14', '2025-07-15', '2025-07-16', '2025-07-17', '2025-07-18', '2025-07-19', '2025-07-22', '2025-07-23', '2025-07-24', '2025-07-25', '2025-07-26', '2025-07-27', '2025-07-28', '2025-07-29', '2025-07-30', '2025-07-31', '2025-08-01', '2025-08-02', '2025-08-03', '2025-08-04', '2025-08-05', '2025-08-07', '2025-05-13', '2025-05-29', '2025-05-31', '2025-06-16', '2025-06-17', '2025-07-08', '2025-07-13', '2025-07-20', '2025-07-21', '2025-08-06', '2025-05-22
2025-08-11 13:41:51,289 [INFO] [LOAD-CUSTOMER] Inserted 4023 rows into ana_customer_daily_summary
2025-08-11 13:41:51,290 [INFO] [LOAD-CUSTOMER] Completed load stage in 0.32 seconds
2025-08-11 13:41:51,290 [INFO] ETL pipeline completed in 1.73 seconds
